DEBUG   2017-03-24 11:57:56,214 [http-nio-9090-exec-7] freemarker.cache  - Couldn't find template in cache for "dms.login.ftl"("en_GB", UTF-8, parsed); will try to load it.
DEBUG   2017-03-24 11:57:56,218 [http-nio-9090-exec-7] freemarker.cache  - TemplateLoader.findTemplateSource("dms.login_en_GB.ftl"): Not found
DEBUG   2017-03-24 11:57:56,222 [http-nio-9090-exec-7] freemarker.cache  - TemplateLoader.findTemplateSource("dms.login_en.ftl"): Not found
DEBUG   2017-03-24 11:57:56,222 [http-nio-9090-exec-7] freemarker.cache  - TemplateLoader.findTemplateSource("dms.login.ftl"): Not found
DEBUG   2017-03-24 11:58:09,234 [http-nio-9090-exec-7] freemarker.cache  - Couldn't find template in cache for "error.ftl"("en_GB", UTF-8, parsed); will try to load it.
DEBUG   2017-03-24 11:58:09,235 [http-nio-9090-exec-7] freemarker.cache  - TemplateLoader.findTemplateSource("error_en_GB.ftl"): Not found
DEBUG   2017-03-24 11:58:09,235 [http-nio-9090-exec-7] freemarker.cache  - TemplateLoader.findTemplateSource("error_en.ftl"): Not found
DEBUG   2017-03-24 11:58:09,236 [http-nio-9090-exec-7] freemarker.cache  - TemplateLoader.findTemplateSource("error.ftl"): Not found
DEBUG   2017-03-24 11:58:11,132 [http-nio-9090-exec-4] com.emxcel.dms.portal.controller.AuthenticationController  -  Debug log entry from log4j
INFO    2017-03-24 11:58:11,133 [http-nio-9090-exec-4] com.emxcel.dms.portal.controller.AuthenticationController  - log entry from log4j
ERROR   2017-03-24 11:58:11,133 [http-nio-9090-exec-4] com.emxcel.dms.portal.controller.AuthenticationController  -  Error log entry from log4j
DEBUG   2017-03-24 11:58:11,305 [http-nio-9090-exec-4] freemarker.cache  - Couldn't find template in cache for "dms.index.ftl"("en_GB", UTF-8, parsed); will try to load it.
DEBUG   2017-03-24 11:58:11,306 [http-nio-9090-exec-4] freemarker.cache  - TemplateLoader.findTemplateSource("dms.index_en_GB.ftl"): Not found
DEBUG   2017-03-24 11:58:11,306 [http-nio-9090-exec-4] freemarker.cache  - TemplateLoader.findTemplateSource("dms.index_en.ftl"): Not found
DEBUG   2017-03-24 11:58:11,307 [http-nio-9090-exec-4] freemarker.cache  - TemplateLoader.findTemplateSource("dms.index.ftl"): Not found
DEBUG   2017-03-24 11:58:12,635 [http-nio-9090-exec-9] freemarker.cache  - Couldn't find template in cache for "dms.dashboard.ftl"("en_GB", UTF-8, parsed); will try to load it.
DEBUG   2017-03-24 11:58:12,637 [http-nio-9090-exec-9] freemarker.cache  - TemplateLoader.findTemplateSource("dms.dashboard_en_GB.ftl"): Not found
DEBUG   2017-03-24 11:58:12,639 [http-nio-9090-exec-9] freemarker.cache  - TemplateLoader.findTemplateSource("dms.dashboard_en.ftl"): Not found
DEBUG   2017-03-24 11:58:12,639 [http-nio-9090-exec-9] freemarker.cache  - TemplateLoader.findTemplateSource("dms.dashboard.ftl"): Not found
DEBUG   2017-03-24 11:58:29,219 [http-nio-9090-exec-11] freemarker.cache  - Couldn't find template in cache for "dms.tenant.ftl"("en_GB", UTF-8, parsed); will try to load it.
DEBUG   2017-03-24 11:58:29,221 [http-nio-9090-exec-11] freemarker.cache  - TemplateLoader.findTemplateSource("dms.tenant_en_GB.ftl"): Not found
DEBUG   2017-03-24 11:58:29,221 [http-nio-9090-exec-11] freemarker.cache  - TemplateLoader.findTemplateSource("dms.tenant_en.ftl"): Not found
DEBUG   2017-03-24 11:58:29,221 [http-nio-9090-exec-11] freemarker.cache  - TemplateLoader.findTemplateSource("dms.tenant.ftl"): Not found
ERROR   2017-03-24 12:00:15,595 [http-nio-9090-exec-7] com.emxcel.dms.portal.controller.superadmin.TenantController  - error
org.springframework.orm.jpa.JpaSystemException: could not execute statement; nested exception is org.hibernate.exception.GenericJDBCException: could not execute statement
	at org.springframework.orm.jpa.vendor.HibernateJpaDialect.convertHibernateAccessException(HibernateJpaDialect.java:314)
	at org.springframework.orm.jpa.vendor.HibernateJpaDialect.translateExceptionIfPossible(HibernateJpaDialect.java:225)
	at org.springframework.orm.jpa.JpaTransactionManager.doCommit(JpaTransactionManager.java:521)
	at org.springframework.transaction.support.AbstractPlatformTransactionManager.processCommit(AbstractPlatformTransactionManager.java:761)
	at org.springframework.transaction.support.AbstractPlatformTransactionManager.commit(AbstractPlatformTransactionManager.java:730)
	at org.springframework.transaction.interceptor.TransactionAspectSupport.commitTransactionAfterReturning(TransactionAspectSupport.java:485)
	at org.springframework.transaction.interceptor.TransactionAspectSupport.invokeWithinTransaction(TransactionAspectSupport.java:291)
	at org.springframework.transaction.interceptor.TransactionInterceptor.invoke(TransactionInterceptor.java:96)
	at org.springframework.aop.framework.ReflectiveMethodInvocation.proceed(ReflectiveMethodInvocation.java:168)
	at org.springframework.aop.interceptor.ExposeInvocationInterceptor.invoke(ExposeInvocationInterceptor.java:92)
	at org.springframework.aop.framework.ReflectiveMethodInvocation.proceed(ReflectiveMethodInvocation.java:179)
	at org.springframework.aop.framework.JdkDynamicAopProxy.invoke(JdkDynamicAopProxy.java:208)
	at com.sun.proxy.$Proxy161.savetenant(Unknown Source)
	at com.emxcel.dms.portal.controller.superadmin.TenantController.saveTenant(TenantController.java:291)
	at sun.reflect.NativeMethodAccessorImpl.invoke0(Native Method)
	at sun.reflect.NativeMethodAccessorImpl.invoke(NativeMethodAccessorImpl.java:62)
	at sun.reflect.DelegatingMethodAccessorImpl.invoke(DelegatingMethodAccessorImpl.java:43)
	at java.lang.reflect.Method.invoke(Method.java:498)
	at org.springframework.web.method.support.InvocableHandlerMethod.doInvoke(InvocableHandlerMethod.java:221)
	at org.springframework.web.method.support.InvocableHandlerMethod.invokeForRequest(InvocableHandlerMethod.java:136)
	at org.springframework.web.servlet.mvc.method.annotation.ServletInvocableHandlerMethod.invokeAndHandle(ServletInvocableHandlerMethod.java:110)
	at org.springframework.web.servlet.mvc.method.annotation.RequestMappingHandlerAdapter.invokeHandlerMethod(RequestMappingHandlerAdapter.java:832)
	at org.springframework.web.servlet.mvc.method.annotation.RequestMappingHandlerAdapter.handleInternal(RequestMappingHandlerAdapter.java:743)
	at org.springframework.web.servlet.mvc.method.AbstractHandlerMethodAdapter.handle(AbstractHandlerMethodAdapter.java:85)
	at org.springframework.web.servlet.DispatcherServlet.doDispatch(DispatcherServlet.java:961)
	at org.springframework.web.servlet.DispatcherServlet.doService(DispatcherServlet.java:895)
	at org.springframework.web.servlet.FrameworkServlet.processRequest(FrameworkServlet.java:967)
	at org.springframework.web.servlet.FrameworkServlet.doPost(FrameworkServlet.java:869)
	at javax.servlet.http.HttpServlet.service(HttpServlet.java:707)
	at org.springframework.web.servlet.FrameworkServlet.service(FrameworkServlet.java:843)
	at javax.servlet.http.HttpServlet.service(HttpServlet.java:790)
	at org.apache.catalina.core.ApplicationFilterChain.internalDoFilter(ApplicationFilterChain.java:292)
	at org.apache.catalina.core.ApplicationFilterChain.doFilter(ApplicationFilterChain.java:207)
	at org.apache.tomcat.websocket.server.WsFilter.doFilter(WsFilter.java:52)
	at org.apache.catalina.core.ApplicationFilterChain.internalDoFilter(ApplicationFilterChain.java:240)
	at org.apache.catalina.core.ApplicationFilterChain.doFilter(ApplicationFilterChain.java:207)
	at org.springframework.security.web.FilterChainProxy$VirtualFilterChain.doFilter(FilterChainProxy.java:316)
	at org.springframework.security.web.access.intercept.FilterSecurityInterceptor.invoke(FilterSecurityInterceptor.java:126)
	at org.springframework.security.web.access.intercept.FilterSecurityInterceptor.doFilter(FilterSecurityInterceptor.java:90)
	at org.springframework.security.web.FilterChainProxy$VirtualFilterChain.doFilter(FilterChainProxy.java:330)
	at org.springframework.security.web.access.ExceptionTranslationFilter.doFilter(ExceptionTranslationFilter.java:114)
	at org.springframework.security.web.FilterChainProxy$VirtualFilterChain.doFilter(FilterChainProxy.java:330)
	at org.springframework.security.web.session.SessionManagementFilter.doFilter(SessionManagementFilter.java:122)
	at org.springframework.security.web.FilterChainProxy$VirtualFilterChain.doFilter(FilterChainProxy.java:330)
	at org.springframework.security.web.authentication.AnonymousAuthenticationFilter.doFilter(AnonymousAuthenticationFilter.java:111)
	at org.springframework.security.web.FilterChainProxy$VirtualFilterChain.doFilter(FilterChainProxy.java:330)
	at org.springframework.security.web.authentication.rememberme.RememberMeAuthenticationFilter.doFilter(RememberMeAuthenticationFilter.java:157)
	at org.springframework.security.web.FilterChainProxy$VirtualFilterChain.doFilter(FilterChainProxy.java:330)
	at org.springframework.security.web.servletapi.SecurityContextHolderAwareRequestFilter.doFilter(SecurityContextHolderAwareRequestFilter.java:169)
	at org.springframework.security.web.FilterChainProxy$VirtualFilterChain.doFilter(FilterChainProxy.java:330)
	at org.springframework.security.web.savedrequest.RequestCacheAwareFilter.doFilter(RequestCacheAwareFilter.java:48)
	at org.springframework.security.web.FilterChainProxy$VirtualFilterChain.doFilter(FilterChainProxy.java:330)
	at org.springframework.security.web.session.ConcurrentSessionFilter.doFilter(ConcurrentSessionFilter.java:133)
	at org.springframework.security.web.FilterChainProxy$VirtualFilterChain.doFilter(FilterChainProxy.java:330)
	at org.springframework.security.web.authentication.AbstractAuthenticationProcessingFilter.doFilter(AbstractAuthenticationProcessingFilter.java:205)
	at org.springframework.security.web.FilterChainProxy$VirtualFilterChain.doFilter(FilterChainProxy.java:330)
	at org.springframework.security.web.authentication.logout.LogoutFilter.doFilter(LogoutFilter.java:120)
	at org.springframework.security.web.FilterChainProxy$VirtualFilterChain.doFilter(FilterChainProxy.java:330)
	at org.springframework.security.web.header.HeaderWriterFilter.doFilterInternal(HeaderWriterFilter.java:64)
	at org.springframework.web.filter.OncePerRequestFilter.doFilter(OncePerRequestFilter.java:107)
	at org.springframework.security.web.FilterChainProxy$VirtualFilterChain.doFilter(FilterChainProxy.java:330)
	at org.springframework.security.web.context.SecurityContextPersistenceFilter.doFilter(SecurityContextPersistenceFilter.java:91)
	at org.springframework.security.web.FilterChainProxy$VirtualFilterChain.doFilter(FilterChainProxy.java:330)
	at org.springframework.security.web.context.request.async.WebAsyncManagerIntegrationFilter.doFilterInternal(WebAsyncManagerIntegrationFilter.java:53)
	at org.springframework.web.filter.OncePerRequestFilter.doFilter(OncePerRequestFilter.java:107)
	at org.springframework.security.web.FilterChainProxy$VirtualFilterChain.doFilter(FilterChainProxy.java:330)
	at org.springframework.security.web.FilterChainProxy.doFilterInternal(FilterChainProxy.java:213)
	at org.springframework.security.web.FilterChainProxy.doFilter(FilterChainProxy.java:176)
	at org.springframework.web.filter.DelegatingFilterProxy.invokeDelegate(DelegatingFilterProxy.java:346)
	at org.springframework.web.filter.DelegatingFilterProxy.doFilter(DelegatingFilterProxy.java:262)
	at org.apache.catalina.core.ApplicationFilterChain.internalDoFilter(ApplicationFilterChain.java:240)
	at org.apache.catalina.core.ApplicationFilterChain.doFilter(ApplicationFilterChain.java:207)
	at org.springframework.web.filter.CharacterEncodingFilter.doFilterInternal(CharacterEncodingFilter.java:121)
	at org.springframework.web.filter.OncePerRequestFilter.doFilter(OncePerRequestFilter.java:107)
	at org.apache.catalina.core.ApplicationFilterChain.internalDoFilter(ApplicationFilterChain.java:240)
	at org.apache.catalina.core.ApplicationFilterChain.doFilter(ApplicationFilterChain.java:207)
	at org.apache.catalina.core.StandardWrapperValve.invoke(StandardWrapperValve.java:212)
	at org.apache.catalina.core.StandardContextValve.invoke(StandardContextValve.java:106)
	at org.apache.catalina.authenticator.AuthenticatorBase.invoke(AuthenticatorBase.java:502)
	at org.apache.catalina.core.StandardHostValve.invoke(StandardHostValve.java:141)
	at org.apache.catalina.valves.ErrorReportValve.invoke(ErrorReportValve.java:79)
	at org.apache.catalina.core.StandardEngineValve.invoke(StandardEngineValve.java:88)
	at org.apache.catalina.connector.CoyoteAdapter.service(CoyoteAdapter.java:522)
	at org.apache.coyote.http11.AbstractHttp11Processor.process(AbstractHttp11Processor.java:1095)
	at org.apache.coyote.AbstractProtocol$AbstractConnectionHandler.process(AbstractProtocol.java:672)
	at org.apache.tomcat.util.net.NioEndpoint$SocketProcessor.doRun(NioEndpoint.java:1502)
	at org.apache.tomcat.util.net.NioEndpoint$SocketProcessor.run(NioEndpoint.java:1458)
	at java.util.concurrent.ThreadPoolExecutor.runWorker(ThreadPoolExecutor.java:1142)
	at java.util.concurrent.ThreadPoolExecutor$Worker.run(ThreadPoolExecutor.java:617)
	at org.apache.tomcat.util.threads.TaskThread$WrappingRunnable.run(TaskThread.java:61)
	at java.lang.Thread.run(Thread.java:745)
Caused by: org.hibernate.exception.GenericJDBCException: could not execute statement
	at org.hibernate.exception.internal.StandardSQLExceptionConverter.convert(StandardSQLExceptionConverter.java:54)
	at org.hibernate.engine.jdbc.spi.SqlExceptionHelper.convert(SqlExceptionHelper.java:126)
	at org.hibernate.engine.jdbc.spi.SqlExceptionHelper.convert(SqlExceptionHelper.java:112)
	at org.hibernate.engine.jdbc.internal.ResultSetReturnImpl.executeUpdate(ResultSetReturnImpl.java:211)
	at org.hibernate.engine.jdbc.batch.internal.NonBatchingBatch.addToBatch(NonBatchingBatch.java:62)
	at org.hibernate.persister.entity.AbstractEntityPersister.insert(AbstractEntityPersister.java:3124)
	at org.hibernate.persister.entity.AbstractEntityPersister.insert(AbstractEntityPersister.java:3581)
	at org.hibernate.action.internal.EntityInsertAction.execute(EntityInsertAction.java:104)
	at org.hibernate.engine.spi.ActionQueue.executeActions(ActionQueue.java:465)
	at org.hibernate.engine.spi.ActionQueue.executeActions(ActionQueue.java:351)
	at org.hibernate.event.internal.AbstractFlushingEventListener.performExecutions(AbstractFlushingEventListener.java:350)
	at org.hibernate.event.internal.DefaultFlushEventListener.onFlush(DefaultFlushEventListener.java:56)
	at org.hibernate.internal.SessionImpl.flush(SessionImpl.java:1258)
	at org.hibernate.internal.SessionImpl.managedFlush(SessionImpl.java:425)
	at org.hibernate.engine.transaction.internal.jdbc.JdbcTransaction.beforeTransactionCommit(JdbcTransaction.java:101)
	at org.hibernate.engine.transaction.spi.AbstractTransactionImpl.commit(AbstractTransactionImpl.java:177)
	at org.hibernate.jpa.internal.TransactionImpl.commit(TransactionImpl.java:77)
	at org.springframework.orm.jpa.JpaTransactionManager.doCommit(JpaTransactionManager.java:517)
	... 88 more
Caused by: java.sql.SQLException: Field 'city_code' doesn't have a default value
	at com.mysql.jdbc.SQLError.createSQLException(SQLError.java:964)
	at com.mysql.jdbc.MysqlIO.checkErrorPacket(MysqlIO.java:3970)
	at com.mysql.jdbc.MysqlIO.checkErrorPacket(MysqlIO.java:3906)
	at com.mysql.jdbc.MysqlIO.sendCommand(MysqlIO.java:2524)
	at com.mysql.jdbc.MysqlIO.sqlQueryDirect(MysqlIO.java:2677)
	at com.mysql.jdbc.ConnectionImpl.execSQL(ConnectionImpl.java:2549)
	at com.mysql.jdbc.PreparedStatement.executeInternal(PreparedStatement.java:1861)
	at com.mysql.jdbc.PreparedStatement.executeUpdateInternal(PreparedStatement.java:2073)
	at com.mysql.jdbc.PreparedStatement.executeUpdateInternal(PreparedStatement.java:2009)
	at com.mysql.jdbc.PreparedStatement.executeLargeUpdate(PreparedStatement.java:5098)
	at com.mysql.jdbc.PreparedStatement.executeUpdate(PreparedStatement.java:1994)
	at com.mchange.v2.c3p0.impl.NewProxyPreparedStatement.executeUpdate(NewProxyPreparedStatement.java:384)
	at org.hibernate.engine.jdbc.internal.ResultSetReturnImpl.executeUpdate(ResultSetReturnImpl.java:208)
	... 102 more
DEBUG   2017-03-24 12:00:15,977 [http-nio-9090-exec-10] freemarker.cache  - Couldn't find template in cache for "dms.tenantlist.ftl"("en_GB", UTF-8, parsed); will try to load it.
DEBUG   2017-03-24 12:00:15,978 [http-nio-9090-exec-10] freemarker.cache  - TemplateLoader.findTemplateSource("dms.tenantlist_en_GB.ftl"): Not found
DEBUG   2017-03-24 12:00:15,979 [http-nio-9090-exec-10] freemarker.cache  - TemplateLoader.findTemplateSource("dms.tenantlist_en.ftl"): Not found
DEBUG   2017-03-24 12:00:15,979 [http-nio-9090-exec-10] freemarker.cache  - TemplateLoader.findTemplateSource("dms.tenantlist.ftl"): Not found
DEBUG   2017-03-24 15:29:04,784 [http-nio-9090-exec-10] freemarker.cache  - Couldn't find template in cache for "dms.login.ftl"("en_GB", UTF-8, parsed); will try to load it.
DEBUG   2017-03-24 15:29:04,792 [http-nio-9090-exec-10] freemarker.cache  - TemplateLoader.findTemplateSource("dms.login_en_GB.ftl"): Not found
DEBUG   2017-03-24 15:29:04,795 [http-nio-9090-exec-10] freemarker.cache  - TemplateLoader.findTemplateSource("dms.login_en.ftl"): Not found
DEBUG   2017-03-24 15:29:04,795 [http-nio-9090-exec-10] freemarker.cache  - TemplateLoader.findTemplateSource("dms.login.ftl"): Not found
DEBUG   2017-03-24 15:29:14,094 [http-nio-9090-exec-9] freemarker.cache  - Couldn't find template in cache for "error.ftl"("en_GB", UTF-8, parsed); will try to load it.
DEBUG   2017-03-24 15:29:14,098 [http-nio-9090-exec-9] freemarker.cache  - TemplateLoader.findTemplateSource("error_en_GB.ftl"): Not found
DEBUG   2017-03-24 15:29:14,099 [http-nio-9090-exec-9] freemarker.cache  - TemplateLoader.findTemplateSource("error_en.ftl"): Not found
DEBUG   2017-03-24 15:29:14,099 [http-nio-9090-exec-9] freemarker.cache  - TemplateLoader.findTemplateSource("error.ftl"): Not found
DEBUG   2017-03-24 15:29:16,258 [http-nio-9090-exec-5] com.emxcel.dms.portal.controller.AuthenticationController  -  Debug log entry from log4j
INFO    2017-03-24 15:29:16,258 [http-nio-9090-exec-5] com.emxcel.dms.portal.controller.AuthenticationController  - log entry from log4j
ERROR   2017-03-24 15:29:16,258 [http-nio-9090-exec-5] com.emxcel.dms.portal.controller.AuthenticationController  -  Error log entry from log4j
DEBUG   2017-03-24 15:29:16,268 [http-nio-9090-exec-5] freemarker.cache  - Couldn't find template in cache for "dms.index.ftl"("en_GB", UTF-8, parsed); will try to load it.
DEBUG   2017-03-24 15:29:16,269 [http-nio-9090-exec-5] freemarker.cache  - TemplateLoader.findTemplateSource("dms.index_en_GB.ftl"): Not found
DEBUG   2017-03-24 15:29:16,269 [http-nio-9090-exec-5] freemarker.cache  - TemplateLoader.findTemplateSource("dms.index_en.ftl"): Not found
DEBUG   2017-03-24 15:29:16,270 [http-nio-9090-exec-5] freemarker.cache  - TemplateLoader.findTemplateSource("dms.index.ftl"): Not found
DEBUG   2017-03-24 15:29:17,346 [http-nio-9090-exec-8] freemarker.cache  - Couldn't find template in cache for "dms.dashboard.ftl"("en_GB", UTF-8, parsed); will try to load it.
DEBUG   2017-03-24 15:29:17,347 [http-nio-9090-exec-8] freemarker.cache  - TemplateLoader.findTemplateSource("dms.dashboard_en_GB.ftl"): Not found
DEBUG   2017-03-24 15:29:17,347 [http-nio-9090-exec-8] freemarker.cache  - TemplateLoader.findTemplateSource("dms.dashboard_en.ftl"): Not found
DEBUG   2017-03-24 15:29:17,348 [http-nio-9090-exec-8] freemarker.cache  - TemplateLoader.findTemplateSource("dms.dashboard.ftl"): Not found
DEBUG   2017-03-24 15:29:21,482 [http-nio-9090-exec-10] freemarker.cache  - Couldn't find template in cache for "dms.changepasswordforde.ftl"("en_GB", UTF-8, parsed); will try to load it.
DEBUG   2017-03-24 15:29:21,483 [http-nio-9090-exec-10] freemarker.cache  - TemplateLoader.findTemplateSource("dms.changepasswordforde_en_GB.ftl"): Not found
DEBUG   2017-03-24 15:29:21,484 [http-nio-9090-exec-10] freemarker.cache  - TemplateLoader.findTemplateSource("dms.changepasswordforde_en.ftl"): Not found
DEBUG   2017-03-24 15:29:21,484 [http-nio-9090-exec-10] freemarker.cache  - TemplateLoader.findTemplateSource("dms.changepasswordforde.ftl"): Not found
DEBUG   2017-03-24 15:30:05,763 [http-nio-9090-exec-10] freemarker.cache  - Couldn't find template in cache for "dms.login.ftl"("en_US", UTF-8, parsed); will try to load it.
DEBUG   2017-03-24 15:30:05,763 [http-nio-9090-exec-10] freemarker.cache  - TemplateLoader.findTemplateSource("dms.login_en_US.ftl"): Not found
DEBUG   2017-03-24 15:30:05,764 [http-nio-9090-exec-10] freemarker.cache  - TemplateLoader.findTemplateSource("dms.login_en.ftl"): Not found
DEBUG   2017-03-24 15:30:05,764 [http-nio-9090-exec-10] freemarker.cache  - TemplateLoader.findTemplateSource("dms.login.ftl"): Not found
DEBUG   2017-03-24 15:30:06,415 [http-nio-9090-exec-2] freemarker.cache  - Couldn't find template in cache for "error.ftl"("en_US", UTF-8, parsed); will try to load it.
DEBUG   2017-03-24 15:30:06,416 [http-nio-9090-exec-2] freemarker.cache  - TemplateLoader.findTemplateSource("error_en_US.ftl"): Not found
DEBUG   2017-03-24 15:30:06,418 [http-nio-9090-exec-2] freemarker.cache  - TemplateLoader.findTemplateSource("error_en.ftl"): Not found
DEBUG   2017-03-24 15:30:06,418 [http-nio-9090-exec-2] freemarker.cache  - TemplateLoader.findTemplateSource("error.ftl"): Not found
DEBUG   2017-03-24 15:30:10,974 [http-nio-9090-exec-9] freemarker.cache  - "error.ftl"("en_US", UTF-8, parsed) cached copy not yet stale; using cached.
DEBUG   2017-03-24 15:30:11,086 [http-nio-9090-exec-6] freemarker.cache  - "error.ftl"("en_US", UTF-8, parsed) cached copy not yet stale; using cached.
DEBUG   2017-03-24 15:30:13,172 [http-nio-9090-exec-1] freemarker.cache  - TemplateLoader.findTemplateSource("error_en_US.ftl"): Not found
DEBUG   2017-03-24 15:30:13,173 [http-nio-9090-exec-1] freemarker.cache  - TemplateLoader.findTemplateSource("error_en.ftl"): Not found
DEBUG   2017-03-24 15:30:13,173 [http-nio-9090-exec-1] freemarker.cache  - TemplateLoader.findTemplateSource("error.ftl"): Not found
DEBUG   2017-03-24 15:30:13,173 [http-nio-9090-exec-1] freemarker.cache  - "error.ftl"("en_US", UTF-8, parsed) no source found.
DEBUG   2017-03-24 15:30:14,422 [http-nio-9090-exec-7] freemarker.cache  - "error.ftl"("en_US", UTF-8, parsed) cached copy not yet stale; using cached.
DEBUG   2017-03-24 15:30:15,155 [http-nio-9090-exec-5] freemarker.cache  - "error.ftl"("en_US", UTF-8, parsed) cached copy not yet stale; using cached.
DEBUG   2017-03-24 15:30:15,878 [http-nio-9090-exec-2] freemarker.cache  - "error.ftl"("en_US", UTF-8, parsed) cached copy not yet stale; using cached.
DEBUG   2017-03-24 15:30:16,709 [http-nio-9090-exec-10] freemarker.cache  - "error.ftl"("en_US", UTF-8, parsed) cached copy not yet stale; using cached.
DEBUG   2017-03-24 15:30:17,407 [http-nio-9090-exec-8] freemarker.cache  - "error.ftl"("en_US", UTF-8, parsed) cached copy not yet stale; using cached.
DEBUG   2017-03-24 15:30:18,101 [http-nio-9090-exec-9] freemarker.cache  - "error.ftl"("en_US", UTF-8, parsed) cached copy not yet stale; using cached.
DEBUG   2017-03-24 15:30:19,704 [http-nio-9090-exec-3] com.emxcel.dms.portal.controller.AuthenticationController  -  Debug log entry from log4j
INFO    2017-03-24 15:30:19,704 [http-nio-9090-exec-3] com.emxcel.dms.portal.controller.AuthenticationController  - log entry from log4j
ERROR   2017-03-24 15:30:19,704 [http-nio-9090-exec-3] com.emxcel.dms.portal.controller.AuthenticationController  -  Error log entry from log4j
DEBUG   2017-03-24 15:30:19,709 [http-nio-9090-exec-3] freemarker.cache  - Couldn't find template in cache for "dms.index.ftl"("en_US", UTF-8, parsed); will try to load it.
DEBUG   2017-03-24 15:30:19,709 [http-nio-9090-exec-3] freemarker.cache  - TemplateLoader.findTemplateSource("dms.index_en_US.ftl"): Not found
DEBUG   2017-03-24 15:30:19,710 [http-nio-9090-exec-3] freemarker.cache  - TemplateLoader.findTemplateSource("dms.index_en.ftl"): Not found
DEBUG   2017-03-24 15:30:19,710 [http-nio-9090-exec-3] freemarker.cache  - TemplateLoader.findTemplateSource("dms.index.ftl"): Not found
DEBUG   2017-03-24 15:30:20,021 [http-nio-9090-exec-5] freemarker.cache  - Couldn't find template in cache for "dms.dashboard.ftl"("en_US", UTF-8, parsed); will try to load it.
DEBUG   2017-03-24 15:30:20,021 [http-nio-9090-exec-5] freemarker.cache  - TemplateLoader.findTemplateSource("dms.dashboard_en_US.ftl"): Not found
DEBUG   2017-03-24 15:30:20,022 [http-nio-9090-exec-5] freemarker.cache  - TemplateLoader.findTemplateSource("dms.dashboard_en.ftl"): Not found
DEBUG   2017-03-24 15:30:20,022 [http-nio-9090-exec-5] freemarker.cache  - TemplateLoader.findTemplateSource("dms.dashboard.ftl"): Not found
DEBUG   2017-03-24 15:30:23,073 [http-nio-9090-exec-3] freemarker.cache  - Couldn't find template in cache for "dms.changepasswordforde.ftl"("en_US", UTF-8, parsed); will try to load it.
DEBUG   2017-03-24 15:30:23,073 [http-nio-9090-exec-3] freemarker.cache  - TemplateLoader.findTemplateSource("dms.changepasswordforde_en_US.ftl"): Not found
DEBUG   2017-03-24 15:30:23,074 [http-nio-9090-exec-3] freemarker.cache  - TemplateLoader.findTemplateSource("dms.changepasswordforde_en.ftl"): Not found
DEBUG   2017-03-24 15:30:23,074 [http-nio-9090-exec-3] freemarker.cache  - TemplateLoader.findTemplateSource("dms.changepasswordforde.ftl"): Not found
